c:\users\liu\desktop\demo\demo\x64\debug\vc143.pdb
c:\users\liu\desktop\demo\demo\x64\debug\vc143.idb
c:\users\liu\desktop\demo\demo\x64\debug\test.obj
c:\users\liu\desktop\demo\demo\x64\debug\add.obj
c:\users\liu\desktop\demo\demo\x64\debug\二分法.obj
c:\users\liu\desktop\demo\demo\x64\debug\猜数字.obj
c:\users\liu\desktop\demo\demo\x64\debug\demo.exe
c:\users\liu\desktop\demo\demo\x64\debug\demo.ilk
c:\users\liu\desktop\demo\demo\x64\debug\demo.pdb
c:\users\liu\desktop\demo\demo\x64\debug\1.obj
c:\users\liu\desktop\demo\demo\x64\debug\demo.obj
c:\users\liu\desktop\demo\demo\x64\debug\study.obj
c:\users\liu\desktop\demo\demo\x64\debug\wind.obj
c:\users\liu\desktop\demo\demo\x64\debug\test.obj.enc
c:\users\liu\desktop\demo\demo\x64\debug\demo.tlog\cl.command.1.tlog
c:\users\liu\desktop\demo\demo\x64\debug\demo.tlog\cl.read.1.tlog
c:\users\liu\desktop\demo\demo\x64\debug\demo.tlog\cl.write.1.tlog
c:\users\liu\desktop\demo\demo\x64\debug\demo.tlog\link.command.1.tlog
c:\users\liu\desktop\demo\demo\x64\debug\demo.tlog\link.read.1.tlog
c:\users\liu\desktop\demo\demo\x64\debug\demo.tlog\link.write.1.tlog
